<?xml version="1.0" encoding="UTF-8"?>
<testsuite name="HomingControllerTest" tests="3" skipped="0" failures="0" errors="0" timestamp="2018-10-28T12:11:04" hostname="chenshiyudeMacBook-Air.local" time="0.014">
  <properties/>
  <testcase name="isTargetNorthTest" classname="HomingControllerTest" time="0.01"/>
  <testcase name="lookHeadingTest" classname="HomingControllerTest" time="0.001"/>
  <testcase name="isTargetEastTest" classname="HomingControllerTest" time="0.002"/>
  <system-out><![CDATA[]]></system-out>
  <system-err><![CDATA[]]></system-err>
</testsuite>
